mode: set
cache/cache.go:33.37,39.2 1 1
cache/cache.go:41.30,43.2 1 1
cache/cache.go:45.30,49.2 3 1
cache/cache.go:51.28,57.2 4 1
cache/cache.go:59.40,64.8 4 1
cache/cache.go:64.8,70.3 5 1
cache/cache.go:71.2,71.33 1 1
cache/cache.go:71.33,73.3 1 1
cache/cache.go:74.2,80.24 3 1
cache/cache.go:83.66,88.8 4 1
cache/cache.go:88.8,94.3 5 1
cache/cache.go:95.2,95.33 1 1
cache/cache.go:95.33,97.3 1 1
cache/cache.go:99.2,105.24 3 1
cache/cache.go:109.54,114.9 4 1
cache/cache.go:114.9,116.3 1 1
cache/cache.go:117.2,119.56 2 1
cache/cache.go:119.56,123.3 3 1
cache/cache.go:124.2,125.22 2 1
cache/cache.go:129.36,134.9 4 1
cache/cache.go:134.9,136.3 1 1
cache/cache.go:137.2,138.22 2 1
cache/cache.go:142.42,145.17 2 1
cache/cache.go:145.17,147.3 1 0
cache/cache.go:148.2,149.46 2 1
